<?xml version="1.0" encoding="UTF-8"?>
<!-- Generated by org.testng.reporters.JUnitReportReporter -->
<testsuite hostname="DESKTOP-KQQB62G" failures="0" tests="1" name="firstproject.attribute" time="2.785" errors="0" timestamp="2025-04-28T21:29:37 AST" skipped="0">
  <testcase classname="firstproject.attribute" name="login" time="2.785"/>
</testsuite> <!-- firstproject.attribute -->
