<?xml version="1.0" encoding="UTF-8"?>
<!-- Generated by org.testng.reporters.JUnitReportReporter -->
<testsuite hostname="DESKTOP-KQQB62G" failures="0" tests="5" name="firstproject.test" time="1.576" errors="0" timestamp="2025-04-19T23:58:14 AST" skipped="2">
  <testcase classname="firstproject.test" name="login" time="0.743"/>
  <testcase classname="firstproject.test" name="addAllItem" time="0.667"/>
  <testcase classname="firstproject.test" name="printText" time="0.166"/>
  <testcase classname="firstproject.test" name="removeAllItem">
    <skipped/>
  </testcase> <!-- removeAllItem -->
  <testcase classname="firstproject.test" name="Logout">
    <skipped/>
  </testcase> <!-- Logout -->
</testsuite> <!-- firstproject.test -->
